Mar-27 03:19:14.301 [main] DEBUG nextflow.cli.Launcher - $> nextflow run main.nf --input assets/_empty_samplesheet.csv --start_step qc --stop_at qc -stub-run -ansi-log false
Mar-27 03:19:14.419 [main] INFO  nextflow.cli.CmdRun - N E X T F L O W  ~  version 23.04.4
Mar-27 03:19:14.463 [main] DEBUG nextflow.plugin.PluginsFacade - Setting up plugin manager > mode=prod; embedded=false; plugins-dir=/home/ibar/.nextflow/plugins; core-plugins: nf-amazon@1.16.2,nf-azure@1.0.1,nf-codecommit@0.1.4,nf-console@1.0.5,nf-ga4gh@1.0.5,nf-google@1.7.3-patch1,nf-tower@1.5.12,nf-wave@0.8.4
Mar-27 03:19:14.513 [main] INFO  org.pf4j.DefaultPluginStatusProvider - Enabled plugins: []
Mar-27 03:19:14.521 [main] INFO  org.pf4j.DefaultPluginStatusProvider - Disabled plugins: []
Mar-27 03:19:14.529 [main] INFO  org.pf4j.DefaultPluginManager - PF4J version 3.4.1 in 'deployment' mode
Mar-27 03:19:14.575 [main] INFO  org.pf4j.AbstractPluginManager - No plugins
Mar-27 03:19:14.621 [main] DEBUG nextflow.config.ConfigBuilder - Found config local: /mnt/c/Users/idoid/Griffith University/GRDC A. rabiei Project GRI2007-001RTX - Documents/General/Isolate collection/Genomics/hapfun/nextflow.config
Mar-27 03:19:14.624 [main] DEBUG nextflow.config.ConfigBuilder - Parsing config file: /mnt/c/Users/idoid/Griffith University/GRDC A. rabiei Project GRI2007-001RTX - Documents/General/Isolate collection/Genomics/hapfun/nextflow.config
Mar-27 03:19:14.678 [main] DEBUG nextflow.config.ConfigBuilder - Applying config profile: `standard`
Mar-27 03:19:17.135 [main] DEBUG nextflow.cli.CmdRun - Applied DSL=2 from script declararion
Mar-27 03:19:17.188 [main] INFO  nextflow.cli.CmdRun - Launching `main.nf` [voluminous_chandrasekhar] DSL2 - revision: d9f3b907e7
Mar-27 03:19:17.190 [main] DEBUG nextflow.plugin.PluginsFacade - Plugins default=[]
Mar-27 03:19:17.190 [main] DEBUG nextflow.plugin.PluginsFacade - Plugins resolved requirement=[]
Mar-27 03:19:17.215 [main] DEBUG nextflow.secret.LocalSecretsProvider - Secrets store: /home/ibar/.nextflow/secrets/store.json
Mar-27 03:19:17.224 [main] DEBUG nextflow.secret.SecretsLoader - Discovered secrets providers: [nextflow.secret.LocalSecretsProvider@18539cb1] - activable => nextflow.secret.LocalSecretsProvider@18539cb1
Mar-27 03:19:17.377 [main] DEBUG nextflow.Session - Session UUID: 6309c28a-631e-4465-9bac-23d7db2e6dea
Mar-27 03:19:17.378 [main] DEBUG nextflow.Session - Run name: voluminous_chandrasekhar
Mar-27 03:19:17.379 [main] DEBUG nextflow.Session - Executor pool size: 16
Mar-27 03:19:17.403 [main] DEBUG nextflow.util.ThreadPoolBuilder - Creating thread pool 'FileTransfer' minSize=10; maxSize=48; workQueue=LinkedBlockingQueue[10000]; allowCoreThreadTimeout=false
Mar-27 03:19:17.457 [main] DEBUG nextflow.cli.CmdRun - 
  Version: 23.04.4 build 5881
  Created: 25-09-2023 15:34 UTC (26-09-2023 01:34 AEDT)
  System: Linux 5.15.133.1-microsoft-standard-WSL2
  Runtime: Groovy 3.0.16 on OpenJDK 64-Bit Server VM 11.0.1+13-LTS
  Encoding: UTF-8 (UTF-8)
  Process: 446@LAPTOP-M2PC4BDU [127.0.1.1]
  CPUs: 16 - Mem: 7.4 GB (6.5 GB) - Swap: 2 GB (2 GB)
Mar-27 03:19:17.558 [main] DEBUG nextflow.file.FileHelper - Can't check if specified path is NFS (1): /mnt/c/Users/idoid/Griffith University/GRDC A. rabiei Project GRI2007-001RTX - Documents/General/Isolate collection/Genomics/hapfun/work

Mar-27 03:19:17.560 [main] DEBUG nextflow.Session - Work-dir: /mnt/c/Users/idoid/Griffith University/GRDC A. rabiei Project GRI2007-001RTX - Documents/General/Isolate collection/Genomics/hapfun/work [null]
Mar-27 03:19:17.618 [main] DEBUG nextflow.executor.ExecutorFactory - Extension executors providers=[]
Mar-27 03:19:17.643 [main] DEBUG nextflow.Session - Observer factory: DefaultObserverFactory
Mar-27 03:19:17.740 [main] DEBUG nextflow.cache.CacheFactory - Using Nextflow cache factory: nextflow.cache.DefaultCacheFactory
Mar-27 03:19:17.780 [main] DEBUG nextflow.util.CustomThreadPool - Creating default thread pool > poolSize: 17; maxThreads: 1000
Mar-27 03:19:18.146 [main] DEBUG nextflow.Session - Session start
Mar-27 03:19:18.385 [main] DEBUG nextflow.script.ScriptRunner - > Launching execution
Mar-27 03:19:22.492 [main] DEBUG nextflow.script.ProcessConfig - Config settings `withLabel:process_medium` matches labels `process_medium` for process with name HAPFUN:FASTP
Mar-27 03:19:22.498 [main] DEBUG nextflow.script.ProcessConfig - Config settings `withName:FASTP` matches process HAPFUN:FASTP
Mar-27 03:19:22.513 [main] DEBUG nextflow.executor.ExecutorFactory - << taskConfig executor: null
Mar-27 03:19:22.514 [main] DEBUG nextflow.executor.ExecutorFactory - >> processorType: 'local'
Mar-27 03:19:22.530 [main] DEBUG nextflow.executor.Executor - [warm up] executor > local
Mar-27 03:19:22.545 [main] DEBUG n.processor.LocalPollingMonitor - Creating local task monitor for executor 'local' > cpus=16; memory=7.4 GB; capacity=16; pollInterval=100ms; dumpInterval=5m
Mar-27 03:19:22.756 [main] DEBUG nextflow.Session - Workflow process names [dsl2]: FASTQC, BWA_ALIGN, BOWTIE2_INDEX, GATK_GENOTYPEGVCFS, BCFTOOLS_STATS, GATK_COMBINEGVCFS, MULTIQC, FASTP, VCF_FILTER, QUALIMAP, HAPFUN:FASTP, SAMTOOLS_MERGE, FREEBAYES, BCFTOOLS_MERGE, FREEBAYES_CALL_LIB, BWA_INDEX, GATK_HAPLOTYPECALLER, SAMTOOLS_FAIDX, MARK_DUPLICATES_LIB, FREEBAYES_POPULATION, BCFTOOLS_STATS_FILTERED, GATK_DICTIONARY, GFF_TO_BED, GATK_CALL_LIB, VCF_MULTI_COMPARE, BCFTOOLS_STATS_RAW, TRIMMOMATIC, BOWTIE2_ALIGN, MARK_DUPLICATES
Mar-27 03:19:22.770 [main] DEBUG nextflow.Session - Igniting dataflow network (3)
Mar-27 03:19:22.787 [main] DEBUG nextflow.processor.TaskProcessor - Starting process > HAPFUN:FASTP
Mar-27 03:19:22.789 [main] DEBUG nextflow.script.ScriptRunner - > Awaiting termination 
Mar-27 03:19:22.791 [main] DEBUG nextflow.Session - Session await
Mar-27 03:19:22.839 [main] DEBUG nextflow.Session - Session await > all processes finished
Mar-27 03:19:22.883 [main] DEBUG nextflow.Session - Session await > all barriers passed
Mar-27 03:19:22.896 [main] DEBUG nextflow.trace.WorkflowStatsObserver - Workflow completed > WorkflowStats[succeededCount=0; failedCount=0; ignoredCount=0; cachedCount=0; pendingCount=0; submittedCount=0; runningCount=0; retriesCount=0; abortedCount=0; succeedDuration=0ms; failedDuration=0ms; cachedDuration=0ms;loadCpus=0; loadMemory=0; peakRunning=0; peakCpus=0; peakMemory=0; ]
Mar-27 03:19:22.916 [main] DEBUG nextflow.cache.CacheDB - Closing CacheDB done
Mar-27 03:19:22.973 [main] DEBUG nextflow.util.ThreadPoolManager - Thread pool 'FileTransfer' shutdown completed (hard=false)
Mar-27 03:19:22.975 [main] DEBUG nextflow.script.ScriptRunner - > Execution complete -- Goodbye
